<?xml version="1.0" encoding="UTF-8"?>
<!-- Generated by org.testng.reporters.JUnitReportReporter -->
<testsuite hostname="DiptiDash-PC" name="test.Testclassyahoo" tests="1" failures="0" timestamp="31 May 2020 14:03:39 GMT" time="9.458" errors="0">
  <testcase name="save" time="9.458" classname="test.Testclassyahoo"/>
</testsuite> <!-- test.Testclassyahoo -->
